

[INFO ] 2018-04-05 12:27:52,071 method:org.springframework.web.servlet.handler.AbstractHandlerMethodMapping$MappingRegistry.register(AbstractHandlerMethodMapping.java:527)
Mapped "{[/admin/savePost],methods=[POST]}" onto public cn.cgszl.common.dao.dto.CommonResult cn.cgszl.admin.controller.BlogController.savePost(javax.servlet.http.HttpServletRequest,cn.cgszl.common.dao.pojo.Article)


[INFO ] 2018-04-05 12:27:52,072 method:org.springframework.web.servlet.handler.AbstractHandlerMethodMapping$MappingRegistry.register(AbstractHandlerMethodMapping.java:527)
Mapped "{[/admin/manageblog]}" onto public java.lang.String cn.cgszl.admin.controller.BlogController.toBlogMnanagr()


[INFO ] 2018-04-05 12:27:52,073 method:org.springframework.web.servlet.handler.AbstractHandlerMethodMapping$MappingRegistry.register(AbstractHandlerMethodMapping.java:527)
Mapped "{[/admin/newpost]}" onto public java.lang.String cn.cgszl.admin.controller.BlogController.newpost(javax.servlet.http.HttpServletRequest,org.springframework.ui.Model)


[INFO ] 2018-04-05 12:27:52,073 method:org.springframework.web.servlet.handler.AbstractHandlerMethodMapping$MappingRegistry.register(AbstractHandlerMethodMapping.java:527)
Mapped "{[/admin/allposts]}" onto public java.lang.String cn.cgszl.admin.controller.BlogController.allPost(org.springframework.ui.Model)


[INFO ] 2018-04-05 12:27:52,074 method:org.springframework.web.servlet.handler.AbstractHandlerMethodMapping$MappingRegistry.register(AbstractHandlerMethodMapping.java:527)
Mapped "{[/admin/blog/deleteByAid],methods=[POST]}" onto public cn.cgszl.common.dao.dto.CommonResult cn.cgszl.admin.controller.BlogController.deleteByAid(java.lang.String)


[INFO ] 2018-04-05 12:27:52,075 method:org.springframework.web.servlet.handler.AbstractHandlerMethodMapping$MappingRegistry.register(AbstractHandlerMethodMapping.java:527)
Mapped "{[/admin/blog/publishByAid],methods=[POST]}" onto public cn.cgszl.common.dao.dto.CommonResult cn.cgszl.admin.controller.BlogController.publishByAid(java.lang.String)


[INFO ] 2018-04-05 12:27:52,080 method:org.springframework.web.servlet.handler.AbstractHandlerMethodMapping$MappingRegistry.register(AbstractHandlerMethodMapping.java:527)
Mapped "{[/admin/getAllCategoryList]}" onto public cn.cgszl.common.dao.dto.GridData cn.cgszl.admin.controller.CategoryController.getAllCategoryList(int,int)


[INFO ] 2018-04-05 12:27:52,080 method:org.springframework.web.servlet.handler.AbstractHandlerMethodMapping$MappingRegistry.register(AbstractHandlerMethodMapping.java:527)
Mapped "{[/admin/categorymanager]}" onto public java.lang.String cn.cgszl.admin.controller.CategoryController.catgoryManager()


[INFO ] 2018-04-05 12:27:52,080 method:org.springframework.web.servlet.handler.AbstractHandlerMethodMapping$MappingRegistry.register(AbstractHandlerMethodMapping.java:527)
Mapped "{[/admin/getAllTagsList]}" onto public cn.cgszl.common.dao.dto.GridData cn.cgszl.admin.controller.CategoryController.getAllTagsList(int,int)


[INFO ] 2018-04-05 12:27:52,082 method:org.springframework.web.servlet.handler.AbstractHandlerMethodMapping$MappingRegistry.register(AbstractHandlerMethodMapping.java:527)
Mapped "{[/admin/category/deleteByMid]}" onto public cn.cgszl.common.dao.dto.CommonResult cn.cgszl.admin.controller.CategoryController.deleteByMid(java.lang.String)


[INFO ] 2018-04-05 12:27:52,082 method:org.springframework.web.servlet.handler.AbstractHandlerMethodMapping$MappingRegistry.register(AbstractHandlerMethodMapping.java:527)
Mapped "{[/admin/checkCatName],methods=[POST]}" onto public cn.cgszl.common.dao.dto.CommonResult cn.cgszl.admin.controller.CategoryController.checkCatName(java.lang.String)


[INFO ] 2018-04-05 12:27:52,082 method:org.springframework.web.servlet.handler.AbstractHandlerMethodMapping$MappingRegistry.register(AbstractHandlerMethodMapping.java:527)
Mapped "{[/admin/addCategory]}" onto public cn.cgszl.common.dao.dto.CommonResult cn.cgszl.admin.controller.CategoryController.addCategory(cn.cgszl.common.dao.pojo.Metas)


[INFO ] 2018-04-05 12:27:52,083 method:org.springframework.web.servlet.handler.AbstractHandlerMethodMapping$MappingRegistry.register(AbstractHandlerMethodMapping.java:527)
Mapped "{[/admin/editCategory]}" onto public java.lang.String cn.cgszl.admin.controller.CategoryController.editCategory()


[INFO ] 2018-04-05 12:27:52,084 method:org.springframework.web.servlet.handler.AbstractHandlerMethodMapping$MappingRegistry.register(AbstractHandlerMethodMapping.java:527)
Mapped "{[/admin/commentmanager]}" onto public java.lang.String cn.cgszl.admin.controller.CommentController.commentManager()


[INFO ] 2018-04-05 12:27:52,085 method:org.springframework.web.servlet.handler.AbstractHandlerMethodMapping$MappingRegistry.register(AbstractHandlerMethodMapping.java:527)
Mapped "{[/admin/comment/updateCommentStatus]}" onto public cn.cgszl.common.dao.dto.CommonResult cn.cgszl.admin.controller.CommentController.updateCommentStatus(java.lang.Integer,java.lang.String)


[INFO ] 2018-04-05 12:27:52,085 method:org.springframework.web.servlet.handler.AbstractHandlerMethodMapping$MappingRegistry.register(AbstractHandlerMethodMapping.java:527)
Mapped "{[/admin/comment/listComments]}" onto public cn.cgszl.common.dao.dto.GridData cn.cgszl.admin.controller.CommentController.listComments(java.lang.Integer,java.lang.Integer)


[INFO ] 2018-04-05 12:27:52,086 method:org.springframework.web.servlet.handler.AbstractHandlerMethodMapping$MappingRegistry.register(AbstractHandlerMethodMapping.java:527)
Mapped "{[/admin/comment/deleteById]}" onto public cn.cgszl.common.dao.dto.CommonResult cn.cgszl.admin.controller.CommentController.deleteById(java.lang.Integer)


[INFO ] 2018-04-05 12:27:52,087 method:org.springframework.web.servlet.handler.AbstractHandlerMethodMapping$MappingRegistry.register(AbstractHandlerMethodMapping.java:527)
Mapped "{[/admin/filemanager]}" onto public java.lang.String cn.cgszl.admin.controller.FileController.fileManager(javax.servlet.http.HttpServletRequest,java.lang.Integer,java.lang.Integer)


[INFO ] 2018-04-05 12:27:52,088 method:org.springframework.web.servlet.handler.AbstractHandlerMethodMapping$MappingRegistry.register(AbstractHandlerMethodMapping.java:527)
Mapped "{[/admin/fileUpload]}" onto public cn.cgszl.common.dao.dto.CommonResult cn.cgszl.admin.controller.FileController.fileUpload(javax.servlet.http.HttpServletRequest,org.springframework.web.multipart.MultipartFile[])


[INFO ] 2018-04-05 12:27:52,088 method:org.springframework.web.servlet.handler.AbstractHandlerMethodMapping$MappingRegistry.register(AbstractHandlerMethodMapping.java:527)
Mapped "{[/admin/attach/deleteById]}" onto public cn.cgszl.common.dao.dto.CommonResult cn.cgszl.admin.controller.FileController.deleteById(javax.servlet.http.HttpServletRequest,java.lang.Integer)


[INFO ] 2018-04-05 12:27:52,089 method:org.springframework.web.servlet.handler.AbstractHandlerMethodMapping$MappingRegistry.register(AbstractHandlerMethodMapping.java:527)
Mapped "{[/admin/deleteByMid]}" onto public cn.cgszl.common.dao.dto.CommonResult cn.cgszl.admin.controller.LinkController.deleteLinkById(int)


[INFO ] 2018-04-05 12:27:52,090 method:org.springframework.web.servlet.handler.AbstractHandlerMethodMapping$MappingRegistry.register(AbstractHandlerMethodMapping.java:527)
Mapped "{[/admin/getAllLinkList]}" onto public cn.cgszl.common.dao.dto.GridData cn.cgszl.admin.controller.LinkController.getAllLinkList(int,int)


[INFO ] 2018-04-05 12:27:52,090 method:org.springframework.web.servlet.handler.AbstractHandlerMethodMapping$MappingRegistry.register(AbstractHandlerMethodMapping.java:527)
Mapped "{[/admin/linkmanager]}" onto public java.lang.String cn.cgszl.admin.controller.LinkController.linkManager()


[INFO ] 2018-04-05 12:27:52,090 method:org.springframework.web.servlet.handler.AbstractHandlerMethodMapping$MappingRegistry.register(AbstractHandlerMethodMapping.java:527)
Mapped "{[/admin/checkLinkName],methods=[POST]}" onto public cn.cgszl.common.dao.dto.CommonResult cn.cgszl.admin.controller.LinkController.checkLinkName(cn.cgszl.common.dao.pojo.Metas)


[INFO ] 2018-04-05 12:27:52,090 method:org.springframework.web.servlet.handler.AbstractHandlerMethodMapping$MappingRegistry.register(AbstractHandlerMethodMapping.java:527)
Mapped "{[/admin/saveLink],methods=[POST]}" onto public cn.cgszl.common.dao.dto.CommonResult cn.cgszl.admin.controller.LinkController.saveLink(cn.cgszl.common.dao.pojo.Metas)


[INFO ] 2018-04-05 12:27:52,092 method:org.springframework.web.servlet.handler.AbstractHandlerMethodMapping$MappingRegistry.register(AbstractHandlerMethodMapping.java:527)
Mapped "{[/admin/dashboard]}" onto public java.lang.String cn.cgszl.admin.controller.LoginController.toIndex()


[INFO ] 2018-04-05 12:27:52,093 method:org.springframework.web.servlet.handler.AbstractHandlerMethodMapping$MappingRegistry.register(AbstractHandlerMethodMapping.java:527)
Mapped "{[/admin/login]}" onto public java.lang.String cn.cgszl.admin.controller.LoginController.login(javax.servlet.http.HttpServletRequest,java.lang.String,java.lang.String,org.springframework.web.servlet.mvc.support.RedirectAttributes)


[INFO ] 2018-04-05 12:27:52,093 method:org.springframework.web.servlet.handler.AbstractHandlerMethodMapping$MappingRegistry.register(AbstractHandlerMethodMapping.java:527)
Mapped "{[/admin/index]}" onto public java.lang.String cn.cgszl.admin.controller.LoginController.loginPage(java.lang.String,java.lang.String,org.springframework.ui.Model)


[INFO ] 2018-04-05 12:27:52,093 method:org.springframework.web.servlet.handler.AbstractHandlerMethodMapping$MappingRegistry.register(AbstractHandlerMethodMapping.java:527)
Mapped "{[/admin/logout]}" onto public java.lang.String cn.cgszl.admin.controller.LoginController.logOut(javax.servlet.http.HttpServletRequest)


[INFO ] 2018-04-05 12:27:52,094 method:org.springframework.web.servlet.handler.AbstractHandlerMethodMapping$MappingRegistry.register(AbstractHandlerMethodMapping.java:527)
Mapped "{[/admin/editProfile]}" onto public java.lang.String cn.cgszl.admin.controller.UserController.profile()


[INFO ] 2018-04-05 12:27:52,096 method:org.springframework.web.servlet.handler.AbstractHandlerMethodMapping$MappingRegistry.register(AbstractHandlerMethodMapping.java:527)
Mapped "{[/contact]}" onto public java.lang.String cn.cgszl.portal.controller.AboutController.contactPage()


[INFO ] 2018-04-05 12:27:52,097 method:org.springframework.web.servlet.handler.AbstractHandlerMethodMapping$MappingRegistry.register(AbstractHandlerMethodMapping.java:527)
Mapped "{[/about]}" onto public java.lang.String cn.cgszl.portal.controller.AboutController.aboutPage()


[INFO ] 2018-04-05 12:27:52,098 method:org.springframework.web.servlet.handler.AbstractHandlerMethodMapping$MappingRegistry.register(AbstractHandlerMethodMapping.java:527)
Mapped "{[/portal/listHotArticles]}" onto public java.util.List<cn.cgszl.common.dao.pojo.Article> cn.cgszl.portal.controller.ArticleController.listHotArticles(java.lang.Integer,java.lang.Integer)


[INFO ] 2018-04-05 12:27:52,099 method:org.springframework.web.servlet.handler.AbstractHandlerMethodMapping$MappingRegistry.register(AbstractHandlerMethodMapping.java:527)
Mapped "{[/single/{aid}.html]}" onto public java.lang.String cn.cgszl.portal.controller.ArticleController.getArticleDetailById(org.springframework.ui.Model,java.lang.Integer)


[INFO ] 2018-04-05 12:27:52,099 method:org.springframework.web.servlet.handler.AbstractHandlerMethodMapping$MappingRegistry.register(AbstractHandlerMethodMapping.java:527)
Mapped "{[/portal/article/loadArticleByCondition]}" onto public cn.cgszl.common.dao.dto.CommonResult cn.cgszl.portal.controller.ArticleController.loadArticleByCondition(javax.servlet.http.HttpServletRequest,java.lang.String,java.lang.Integer,java.lang.Integer)


[INFO ] 2018-04-05 12:27:52,099 method:org.springframework.web.servlet.handler.AbstractHandlerMethodMapping$MappingRegistry.register(AbstractHandlerMethodMapping.java:527)
Mapped "{[/portal/listHeightHitsArticles]}" onto public cn.cgszl.common.dao.dto.CommonResult cn.cgszl.portal.controller.ArticleController.listHeightHitsArticles(java.lang.Integer,java.lang.Integer)


[INFO ] 2018-04-05 12:27:52,100 method:org.springframework.web.servlet.handler.AbstractHandlerMethodMapping$MappingRegistry.register(AbstractHandlerMethodMapping.java:527)
Mapped "{[/portal/listArticles]}" onto public cn.cgszl.common.dao.dto.GridData cn.cgszl.portal.controller.ArticleController.listArticles(java.lang.Integer,java.lang.Integer)


[INFO ] 2018-04-05 12:27:52,100 method:org.springframework.web.servlet.handler.AbstractHandlerMethodMapping$MappingRegistry.register(AbstractHandlerMethodMapping.java:527)
Mapped "{[/portal/article/{name}/{type}.html]}" onto public java.lang.String cn.cgszl.portal.controller.ArticleController.toHotPage(javax.servlet.http.HttpServletRequest,java.lang.String,java.lang.String)


[INFO ] 2018-04-05 12:27:52,100 method:org.springframework.web.servlet.handler.AbstractHandlerMethodMapping$MappingRegistry.register(AbstractHandlerMethodMapping.java:527)
Mapped "{[/portal/likeOrUnlike]}" onto public cn.cgszl.common.dao.dto.CommonResult cn.cgszl.portal.controller.ArticleController.like(java.lang.Integer,boolean)


[INFO ] 2018-04-05 12:27:52,101 method:org.springframework.web.servlet.handler.AbstractHandlerMethodMapping$MappingRegistry.register(AbstractHandlerMethodMapping.java:527)
Mapped "{[/portal/listHotCategories]}" onto public cn.cgszl.common.dao.dto.CommonResult cn.cgszl.portal.controller.CategoryController.listHotCategories(java.lang.Integer,java.lang.Integer)


[INFO ] 2018-04-05 12:27:52,102 method:org.springframework.web.servlet.handler.AbstractHandlerMethodMapping$MappingRegistry.register(AbstractHandlerMethodMapping.java:527)
Mapped "{[/index]}" onto public java.lang.String cn.cgszl.portal.controller.IndexController.index()


[INFO ] 2018-04-05 12:27:52,102 method:org.springframework.web.servlet.handler.AbstractHandlerMethodMapping$MappingRegistry.register(AbstractHandlerMethodMapping.java:527)
Mapped "{[/portal/index/listHotTags]}" onto public java.util.List<cn.cgszl.common.dao.dto.MetasDto> cn.cgszl.portal.controller.IndexController.listHotTags(java.lang.Integer,java.lang.Integer)


[INFO ] 2018-04-05 12:27:52,467 method:org.springframework.web.servlet.mvc.method.annotation.RequestMappingHandlerAdapter.initControllerAdviceCache(RequestMappingHandlerAdapter.java:532)
Looking for @ControllerAdvice: WebApplicationContext for namespace 'cgszl-servlet': startup date [Thu Apr 05 12:27:51 CST 2018]; parent: Root WebApplicationContext


[INFO ] 2018-04-05 12:27:52,521 method:org.springframework.web.servlet.mvc.method.annotation.RequestMappingHandlerAdapter.initControllerAdviceCache(RequestMappingHandlerAdapter.java:532)
Looking for @ControllerAdvice: WebApplicationContext for namespace 'cgszl-servlet': startup date [Thu Apr 05 12:27:51 CST 2018]; parent: Root WebApplicationContext


[INFO ] 2018-04-05 12:27:52,647 method:org.springframework.web.servlet.FrameworkServlet.initServletBean(FrameworkServlet.java:508)
FrameworkServlet 'cgszl': initialization completed in 1226 ms


[WARN ] 2018-04-05 12:28:27,106 method:org.springframework.web.servlet.DispatcherServlet.noHandlerFound(DispatcherServlet.java:1136)
No mapping found for HTTP request with URI [/portal/article/toHotPage/%E9%9A%8F%E7%AC%94/tag.html] in DispatcherServlet with name 'cgszl'


[WARN ] 2018-04-05 12:28:31,448 method:org.springframework.web.servlet.DispatcherServlet.noHandlerFound(DispatcherServlet.java:1136)
No mapping found for HTTP request with URI [/portal/] in DispatcherServlet with name 'cgszl'


[INFO ] 2018-04-05 12:28:36,437 method:com.alibaba.druid.pool.DruidDataSource.init(DruidDataSource.java:655)
{dataSource-1} inited


[INFO ] 2018-04-05 12:33:17,320 method:org.springframework.web.context.ContextLoader.initWebApplicationContext(ContextLoader.java:307)
Root WebApplicationContext: initialization started


[INFO ] 2018-04-05 12:33:17,401 method:org.springframework.context.support.AbstractApplicationContext.prepareRefresh(AbstractApplicationContext.java:578)
Refreshing Root WebApplicationContext: startup date [Thu Apr 05 12:33:17 CST 2018]; root of context hierarchy


[INFO ] 2018-04-05 12:33:17,448 method:org.springframework.beans.factory.xml.XmlBeanDefinitionReader.loadBeanDefinitions(XmlBeanDefinitionReader.java:317)
Loading XML bean definitions from file [C:\workspace\IDEA 2017\cgszl\target\classes\spring\applicationContext-dao.xml]


[INFO ] 2018-04-05 12:33:17,598 method:org.springframework.beans.factory.xml.XmlBeanDefinitionReader.loadBeanDefinitions(XmlBeanDefinitionReader.java:317)
Loading XML bean definitions from file [C:\workspace\IDEA 2017\cgszl\target\classes\spring\applicationContext-service.xml]


[INFO ] 2018-04-05 12:33:17,622 method:org.springframework.beans.factory.xml.XmlBeanDefinitionReader.loadBeanDefinitions(XmlBeanDefinitionReader.java:317)
Loading XML bean definitions from file [C:\workspace\IDEA 2017\cgszl\target\classes\spring\applicationContext-trans.xml]


[INFO ] 2018-04-05 12:33:17,859 method:org.springframework.core.io.support.PropertiesLoaderSupport.loadProperties(PropertiesLoaderSupport.java:172)
Loading properties file from file [C:\workspace\IDEA 2017\cgszl\target\classes\conf\db.properties]


[INFO ] 2018-04-05 12:33:17,860 method:org.springframework.core.io.support.PropertiesLoaderSupport.loadProperties(PropertiesLoaderSupport.java:172)
Loading properties file from file [C:\workspace\IDEA 2017\cgszl\target\classes\conf\resource.properties]


[INFO ] 2018-04-05 12:33:17,870 method:org.springframework.beans.factory.annotation.AutowiredAnnotationBeanPostProcessor.<init>(AutowiredAnnotationBeanPostProcessor.java:153)
JSR-330 'javax.inject.Inject' annotation found and supported for autowiring


[INFO ] 2018-04-05 12:33:19,051 method:org.springframework.web.context.ContextLoader.initWebApplicationContext(ContextLoader.java:347)
Root WebApplicationContext: initialization completed in 1729 ms


[INFO ] 2018-04-05 12:33:19,086 method:org.springframework.web.servlet.FrameworkServlet.initServletBean(FrameworkServlet.java:489)
FrameworkServlet 'cgszl': initialization started


[INFO ] 2018-04-05 12:33:19,089 method:org.springframework.context.support.AbstractApplicationContext.prepareRefresh(AbstractApplicationContext.java:578)
Refreshing WebApplicationContext for namespace 'cgszl-servlet': startup date [Thu Apr 05 12:33:19 CST 2018]; parent: Root WebApplicationContext


[INFO ] 2018-04-05 12:33:19,090 method:org.springframework.beans.factory.xml.XmlBeanDefinitionReader.loadBeanDefinitions(XmlBeanDefinitionReader.java:317)
Loading XML bean definitions from class path resource [spring/springmvc.xml]


[INFO ] 2018-04-05 12:33:19,453 method:org.springframework.beans.factory.annotation.AutowiredAnnotationBeanPostProcessor.<init>(AutowiredAnnotationBeanPostProcessor.java:153)
JSR-330 'javax.inject.Inject' annotation found and supported for autowiring


[INFO ] 2018-04-05 12:33:19,743 method:org.springframework.web.servlet.handler.AbstractHandlerMethodMapping$MappingRegistry.register(AbstractHandlerMethodMapping.java:527)
Mapped "{[/admin/newpost]}" onto public java.lang.String cn.cgszl.admin.controller.BlogController.newpost(javax.servlet.http.HttpServletRequest,org.springframework.ui.Model)


[INFO ] 2018-04-05 12:33:19,746 method:org.springframework.web.servlet.handler.AbstractHandlerMethodMapping$MappingRegistry.register(AbstractHandlerMethodMapping.java:527)
Mapped "{[/admin/manageblog]}" onto public java.lang.String cn.cgszl.admin.controller.BlogController.toBlogMnanagr()


[INFO ] 2018-04-05 12:33:19,746 method:org.springframework.web.servlet.handler.AbstractHandlerMethodMapping$MappingRegistry.register(AbstractHandlerMethodMapping.java:527)
Mapped "{[/admin/savePost],methods=[POST]}" onto public cn.cgszl.common.dao.dto.CommonResult cn.cgszl.admin.controller.BlogController.savePost(javax.servlet.http.HttpServletRequest,cn.cgszl.common.dao.pojo.Article)


[INFO ] 2018-04-05 12:33:19,748 method:org.springframework.web.servlet.handler.AbstractHandlerMethodMapping$MappingRegistry.register(AbstractHandlerMethodMapping.java:527)
Mapped "{[/admin/blog/deleteByAid],methods=[POST]}" onto public cn.cgszl.common.dao.dto.CommonResult cn.cgszl.admin.controller.BlogController.deleteByAid(java.lang.String)


[INFO ] 2018-04-05 12:33:19,748 method:org.springframework.web.servlet.handler.AbstractHandlerMethodMapping$MappingRegistry.register(AbstractHandlerMethodMapping.java:527)
Mapped "{[/admin/trash]}" onto public java.lang.String cn.cgszl.admin.controller.BlogController.allTrash()


[INFO ] 2018-04-05 12:33:19,749 method:org.springframework.web.servlet.handler.AbstractHandlerMethodMapping$MappingRegistry.register(AbstractHandlerMethodMapping.java:527)
Mapped "{[/admin/blog/revertByAid],methods=[POST]}" onto public cn.cgszl.common.dao.dto.CommonResult cn.cgszl.admin.controller.BlogController.revertByAid(java.lang.String)


[INFO ] 2018-04-05 12:33:19,749 method:org.springframework.web.servlet.handler.AbstractHandlerMethodMapping$MappingRegistry.register(AbstractHandlerMethodMapping.java:527)
Mapped "{[/admin/draft]}" onto public java.lang.String cn.cgszl.admin.controller.BlogController.allDraft()


[INFO ] 2018-04-05 12:33:19,750 method:org.springframework.web.servlet.handler.AbstractHandlerMethodMapping$MappingRegistry.register(AbstractHandlerMethodMapping.java:527)
Mapped "{[/admin/allposts]}" onto public java.lang.String cn.cgszl.admin.controller.BlogController.allPost(org.springframework.ui.Model)


[INFO ] 2018-04-05 12:33:19,750 method:org.springframework.web.servlet.handler.AbstractHandlerMethodMapping$MappingRegistry.register(AbstractHandlerMethodMapping.java:527)
Mapped "{[/admin/blog/publishByAid],methods=[POST]}" onto public cn.cgszl.common.dao.dto.CommonResult cn.cgszl.admin.controller.BlogController.publishByAid(java.lang.String)


[INFO ] 2018-04-05 12:33:19,751 method:org.springframework.web.servlet.handler.AbstractHandlerMethodMapping$MappingRegistry.register(AbstractHandlerMethodMapping.java:527)
Mapped "{[/admin/getAllArticleList]}" onto public cn.cgszl.common.dao.dto.GridData cn.cgszl.admin.controller.BlogController.getAllArticleList(int,int)


[INFO ] 2018-04-05 12:33:19,751 method:org.springframework.web.servlet.handler.AbstractHandlerMethodMapping$MappingRegistry.register(AbstractHandlerMethodMapping.java:527)
Mapped "{[/admin/blog/getAllDraftList]}" onto public cn.cgszl.common.dao.dto.GridData cn.cgszl.admin.controller.BlogController.getAllDraftList(int,int)


[INFO ] 2018-04-05 12:33:19,752 method:org.springframework.web.servlet.handler.AbstractHandlerMethodMapping$MappingRegistry.register(AbstractHandlerMethodMapping.java:527)
Mapped "{[/admin/blog/deleteByAidPhy],methods=[POST]}" onto public cn.cgszl.common.dao.dto.CommonResult cn.cgszl.admin.controller.BlogController.deleteByAidPhy(java.lang.String)


[INFO ] 2018-04-05 12:33:19,753 method:org.springframework.web.servlet.handler.AbstractHandlerMethodMapping$MappingRegistry.register(AbstractHandlerMethodMapping.java:527)
Mapped "{[/admin/blog/getAllTrashList]}" onto public cn.cgszl.common.dao.dto.GridData cn.cgszl.admin.controller.BlogController.getAllTrashList(int,int)


[INFO ] 2018-04-05 12:33:19,759 method:org.springframework.web.servlet.handler.AbstractHandlerMethodMapping$MappingRegistry.register(AbstractHandlerMethodMapping.java:527)
Mapped "{[/admin/checkCatName],methods=[POST]}" onto public cn.cgszl.common.dao.dto.CommonResult cn.cgszl.admin.controller.CategoryController.checkCatName(java.lang.String)


[INFO ] 2018-04-05 12:33:19,761 method:org.springframework.web.servlet.handler.AbstractHandlerMethodMapping$MappingRegistry.register(AbstractHandlerMethodMapping.java:527)
Mapped "{[/admin/category/deleteByMid]}" onto public cn.cgszl.common.dao.dto.CommonResult cn.cgszl.admin.controller.CategoryController.deleteByMid(java.lang.String)


[INFO ] 2018-04-05 12:33:19,762 method:org.springframework.web.servlet.handler.AbstractHandlerMethodMapping$MappingRegistry.register(AbstractHandlerMethodMapping.java:527)
Mapped "{[/admin/editCategory]}" onto public java.lang.String cn.cgszl.admin.controller.CategoryController.editCategory()


[INFO ] 2018-04-05 12:33:19,762 method:org.springframework.web.servlet.handler.AbstractHandlerMethodMapping$MappingRegistry.register(AbstractHandlerMethodMapping.java:527)
Mapped "{[/admin/addCategory]}" onto public cn.cgszl.common.dao.dto.CommonResult cn.cgszl.admin.controller.CategoryController.addCategory(cn.cgszl.common.dao.pojo.Metas)


[INFO ] 2018-04-05 12:33:19,762 method:org.springframework.web.servlet.handler.AbstractHandlerMethodMapping$MappingRegistry.register(AbstractHandlerMethodMapping.java:527)
Mapped "{[/admin/categorymanager]}" onto public java.lang.String cn.cgszl.admin.controller.CategoryController.catgoryManager()


[INFO ] 2018-04-05 12:33:19,762 method:org.springframework.web.servlet.handler.AbstractHandlerMethodMapping$MappingRegistry.register(AbstractHandlerMethodMapping.java:527)
Mapped "{[/admin/getAllCategoryList]}" onto public cn.cgszl.common.dao.dto.GridData cn.cgszl.admin.controller.CategoryController.getAllCategoryList(int,int)


[INFO ] 2018-04-05 12:33:19,763 method:org.springframework.web.servlet.handler.AbstractHandlerMethodMapping$MappingRegistry.register(AbstractHandlerMethodMapping.java:527)
Mapped "{[/admin/getAllTagsList]}" onto public cn.cgszl.common.dao.dto.GridData cn.cgszl.admin.controller.CategoryController.getAllTagsList(int,int)


[INFO ] 2018-04-05 12:33:19,764 method:org.springframework.web.servlet.handler.AbstractHandlerMethodMapping$MappingRegistry.register(AbstractHandlerMethodMapping.java:527)
Mapped "{[/admin/comment/deleteById]}" onto public cn.cgszl.common.dao.dto.CommonResult cn.cgszl.admin.controller.CommentController.deleteById(java.lang.Integer)


[INFO ] 2018-04-05 12:33:19,764 method:org.springframework.web.servlet.handler.AbstractHandlerMethodMapping$MappingRegistry.register(AbstractHandlerMethodMapping.java:527)
Mapped "{[/admin/comment/listComments]}" onto public cn.cgszl.common.dao.dto.GridData cn.cgszl.admin.controller.CommentController.listComments(java.lang.Integer,java.lang.Integer)


[INFO ] 2018-04-05 12:33:19,765 method:org.springframework.web.servlet.handler.AbstractHandlerMethodMapping$MappingRegistry.register(AbstractHandlerMethodMapping.java:527)
Mapped "{[/admin/commentmanager]}" onto public java.lang.String cn.cgszl.admin.controller.CommentController.commentManager()


[INFO ] 2018-04-05 12:33:19,765 method:org.springframework.web.servlet.handler.AbstractHandlerMethodMapping$MappingRegistry.register(AbstractHandlerMethodMapping.java:527)
Mapped "{[/admin/comment/updateCommentStatus]}" onto public cn.cgszl.common.dao.dto.CommonResult cn.cgszl.admin.controller.CommentController.updateCommentStatus(java.lang.Integer,java.lang.String)


[INFO ] 2018-04-05 12:33:19,767 method:org.springframework.web.servlet.handler.AbstractHandlerMethodMapping$MappingRegistry.register(AbstractHandlerMethodMapping.java:527)
Mapped "{[/admin/attach/deleteById]}" onto public cn.cgszl.common.dao.dto.CommonResult cn.cgszl.admin.controller.FileController.deleteById(javax.servlet.http.HttpServletRequest,java.lang.Integer)


[INFO ] 2018-04-05 12:33:19,767 method:org.springframework.web.servlet.handler.AbstractHandlerMethodMapping$MappingRegistry.register(AbstractHandlerMethodMapping.java:527)
Mapped "{[/admin/fileUpload]}" onto public cn.cgszl.common.dao.dto.CommonResult cn.cgszl.admin.controller.FileController.fileUpload(javax.servlet.http.HttpServletRequest,org.springframework.web.multipart.MultipartFile[])


[INFO ] 2018-04-05 12:33:19,768 method:org.springframework.web.servlet.handler.AbstractHandlerMethodMapping$MappingRegistry.register(AbstractHandlerMethodMapping.java:527)
Mapped "{[/admin/filemanager]}" onto public java.lang.String cn.cgszl.admin.controller.FileController.fileManager(javax.servlet.http.HttpServletRequest,java.lang.Integer,java.lang.Integer)


[INFO ] 2018-04-05 12:33:19,770 method:org.springframework.web.servlet.handler.AbstractHandlerMethodMapping$MappingRegistry.register(AbstractHandlerMethodMapping.java:527)
Mapped "{[/admin/checkLinkName],methods=[POST]}" onto public cn.cgszl.common.dao.dto.CommonResult cn.cgszl.admin.controller.LinkController.checkLinkName(cn.cgszl.common.dao.pojo.Metas)


[INFO ] 2018-04-05 12:33:19,770 method:org.springframework.web.servlet.handler.AbstractHandlerMethodMapping$MappingRegistry.register(AbstractHandlerMethodMapping.java:527)
Mapped "{[/admin/saveLink],methods=[POST]}" onto public cn.cgszl.common.dao.dto.CommonResult cn.cgszl.admin.controller.LinkController.saveLink(cn.cgszl.common.dao.pojo.Metas)


[INFO ] 2018-04-05 12:33:19,770 method:org.springframework.web.servlet.handler.AbstractHandlerMethodMapping$MappingRegistry.register(AbstractHandlerMethodMapping.java:527)
Mapped "{[/admin/linkmanager]}" onto public java.lang.String cn.cgszl.admin.controller.LinkController.linkManager()


[INFO ] 2018-04-05 12:33:19,771 method:org.springframework.web.servlet.handler.AbstractHandlerMethodMapping$MappingRegistry.register(AbstractHandlerMethodMapping.java:527)
Mapped "{[/admin/getAllLinkList]}" onto public cn.cgszl.common.dao.dto.GridData cn.cgszl.admin.controller.LinkController.getAllLinkList(int,int)


[INFO ] 2018-04-05 12:33:19,771 method:org.springframework.web.servlet.handler.AbstractHandlerMethodMapping$MappingRegistry.register(AbstractHandlerMethodMapping.java:527)
Mapped "{[/admin/deleteByMid]}" onto public cn.cgszl.common.dao.dto.CommonResult cn.cgszl.admin.controller.LinkController.deleteLinkById(int)


[INFO ] 2018-04-05 12:33:19,772 method:org.springframework.web.servlet.handler.AbstractHandlerMethodMapping$MappingRegistry.register(AbstractHandlerMethodMapping.java:527)
Mapped "{[/admin/dashboard]}" onto public java.lang.String cn.cgszl.admin.controller.LoginController.toIndex()


[INFO ] 2018-04-05 12:33:19,772 method:org.springframework.web.servlet.handler.AbstractHandlerMethodMapping$MappingRegistry.register(AbstractHandlerMethodMapping.java:527)
Mapped "{[/admin/index]}" onto public java.lang.String cn.cgszl.admin.controller.LoginController.loginPage(java.lang.String,java.lang.String,org.springframework.ui.Model)


[INFO ] 2018-04-05 12:33:19,772 method:org.springframework.web.servlet.handler.AbstractHandlerMethodMapping$MappingRegistry.register(AbstractHandlerMethodMapping.java:527)
Mapped "{[/admin/logout]}" onto public java.lang.String cn.cgszl.admin.controller.LoginController.logOut(javax.servlet.http.HttpServletRequest)


[INFO ] 2018-04-05 12:33:19,773 method:org.springframework.web.servlet.handler.AbstractHandlerMethodMapping$MappingRegistry.register(AbstractHandlerMethodMapping.java:527)
Mapped "{[/admin/login]}" onto public java.lang.String cn.cgszl.admin.controller.LoginController.login(javax.servlet.http.HttpServletRequest,java.lang.String,java.lang.String,org.springframework.web.servlet.mvc.support.RedirectAttributes)


[INFO ] 2018-04-05 12:33:19,773 method:org.springframework.web.servlet.handler.AbstractHandlerMethodMapping$MappingRegistry.register(AbstractHandlerMethodMapping.java:527)
Mapped "{[/admin/editProfile]}" onto public java.lang.String cn.cgszl.admin.controller.UserController.profile()


[INFO ] 2018-04-05 12:33:19,775 method:org.springframework.web.servlet.handler.AbstractHandlerMethodMapping$MappingRegistry.register(AbstractHandlerMethodMapping.java:527)
Mapped "{[/about]}" onto public java.lang.String cn.cgszl.portal.controller.AboutController.aboutPage()


[INFO ] 2018-04-05 12:33:19,776 method:org.springframework.web.servlet.handler.AbstractHandlerMethodMapping$MappingRegistry.register(AbstractHandlerMethodMapping.java:527)
Mapped "{[/contact]}" onto public java.lang.String cn.cgszl.portal.controller.AboutController.contactPage()


[INFO ] 2018-04-05 12:33:19,778 method:org.springframework.web.servlet.handler.AbstractHandlerMethodMapping$MappingRegistry.register(AbstractHandlerMethodMapping.java:527)
Mapped "{[/portal/listArticles]}" onto public cn.cgszl.common.dao.dto.GridData cn.cgszl.portal.controller.ArticleController.listArticles(java.lang.Integer,java.lang.Integer)


[INFO ] 2018-04-05 12:33:19,778 method:org.springframework.web.servlet.handler.AbstractHandlerMethodMapping$MappingRegistry.register(AbstractHandlerMethodMapping.java:527)
Mapped "{[/portal/article/{type}/{name}.html]}" onto public java.lang.String cn.cgszl.portal.controller.ArticleController.toHotPage(javax.servlet.http.HttpServletRequest,java.lang.String,java.lang.String)


[INFO ] 2018-04-05 12:33:19,778 method:org.springframework.web.servlet.handler.AbstractHandlerMethodMapping$MappingRegistry.register(AbstractHandlerMethodMapping.java:527)
Mapped "{[/portal/likeOrUnlike]}" onto public cn.cgszl.common.dao.dto.CommonResult cn.cgszl.portal.controller.ArticleController.like(java.lang.Integer,boolean)


[INFO ] 2018-04-05 12:33:19,779 method:org.springframework.web.servlet.handler.AbstractHandlerMethodMapping$MappingRegistry.register(AbstractHandlerMethodMapping.java:527)
Mapped "{[/portal/article/loadArticleByCondition]}" onto public cn.cgszl.common.dao.dto.CommonResult cn.cgszl.portal.controller.ArticleController.loadArticleByCondition(javax.servlet.http.HttpServletRequest,java.lang.String,java.lang.Integer,java.lang.Integer)


[INFO ] 2018-04-05 12:33:19,779 method:org.springframework.web.servlet.handler.AbstractHandlerMethodMapping$MappingRegistry.register(AbstractHandlerMethodMapping.java:527)
Mapped "{[/single/{aid}.html]}" onto public java.lang.String cn.cgszl.portal.controller.ArticleController.getArticleDetailById(org.springframework.ui.Model,java.lang.Integer)


[INFO ] 2018-04-05 12:33:19,779 method:org.springframework.web.servlet.handler.AbstractHandlerMethodMapping$MappingRegistry.register(AbstractHandlerMethodMapping.java:527)
Mapped "{[/portal/listHeightHitsArticles]}" onto public cn.cgszl.common.dao.dto.CommonResult cn.cgszl.portal.controller.ArticleController.listHeightHitsArticles(java.lang.Integer,java.lang.Integer)


[INFO ] 2018-04-05 12:33:19,780 method:org.springframework.web.servlet.handler.AbstractHandlerMethodMapping$MappingRegistry.register(AbstractHandlerMethodMapping.java:527)
Mapped "{[/portal/listHotArticles]}" onto public java.util.List<cn.cgszl.common.dao.pojo.Article> cn.cgszl.portal.controller.ArticleController.listHotArticles(java.lang.Integer,java.lang.Integer)


[INFO ] 2018-04-05 12:33:19,780 method:org.springframework.web.servlet.handler.AbstractHandlerMethodMapping$MappingRegistry.register(AbstractHandlerMethodMapping.java:527)
Mapped "{[/portal/listHotCategories]}" onto public cn.cgszl.common.dao.dto.CommonResult cn.cgszl.portal.controller.CategoryController.listHotCategories(java.lang.Integer,java.lang.Integer)


[INFO ] 2018-04-05 12:33:19,781 method:org.springframework.web.servlet.handler.AbstractHandlerMethodMapping$MappingRegistry.register(AbstractHandlerMethodMapping.java:527)
Mapped "{[/index]}" onto public java.lang.String cn.cgszl.portal.controller.IndexController.index()


[INFO ] 2018-04-05 12:33:19,781 method:org.springframework.web.servlet.handler.AbstractHandlerMethodMapping$MappingRegistry.register(AbstractHandlerMethodMapping.java:527)
Mapped "{[/portal/index/listHotTags]}" onto public java.util.List<cn.cgszl.common.dao.dto.MetasDto> cn.cgszl.portal.controller.IndexController.listHotTags(java.lang.Integer,java.lang.Integer)


[INFO ] 2018-04-05 12:33:20,095 method:org.springframework.web.servlet.mvc.method.annotation.RequestMappingHandlerAdapter.initControllerAdviceCache(RequestMappingHandlerAdapter.java:532)
Looking for @ControllerAdvice: WebApplicationContext for namespace 'cgszl-servlet': startup date [Thu Apr 05 12:33:19 CST 2018]; parent: Root WebApplicationContext


[INFO ] 2018-04-05 12:33:20,150 method:org.springframework.web.servlet.mvc.method.annotation.RequestMappingHandlerAdapter.initControllerAdviceCache(RequestMappingHandlerAdapter.java:532)
Looking for @ControllerAdvice: WebApplicationContext for namespace 'cgszl-servlet': startup date [Thu Apr 05 12:33:19 CST 2018]; parent: Root WebApplicationContext


[INFO ] 2018-04-05 12:33:20,285 method:org.springframework.web.servlet.FrameworkServlet.initServletBean(FrameworkServlet.java:508)
FrameworkServlet 'cgszl': initialization completed in 1199 ms


[INFO ] 2018-04-05 12:33:35,345 method:com.alibaba.druid.pool.DruidDataSource.init(DruidDataSource.java:655)
{dataSource-1} inited
